* SPI flash clock 36 MHz
MIU clock running in 144MHz by default...
Initialize memory...
Reset PLL completed
Memory initialization completed .
Memory self test completed .
ECC cache reset
ECC cache ON
MCU read burst ON
ISB burst mode ON
* Switch CPU from 12MHz to 120MHz ... complete.

[Ceramal basic initialization complete]

----------------------------------------------------------------------
## Aeon memory require = 589824 (0x90000) bytes
## Remaining memory: 0x00393c00 - 0x00393c00, size=0 (0x0) bytes
Application runs.
Move code from SPI to DRAM ...done.
doinig gamma setup with table value

[MApp_Init] entry

[MApp_ReadCfgFromFlash] proname = CERAMAL$

[MApp_ReadCfgFromFlash] verion = 1.5
[boot]dstaddr:3244032

decode done... should be
Aeon image offset = 0xa0200, size=0x5b660
Successfully copied Aeon image into DRAM
# AEON reset & enable ...

..Set SPI  base to 0xf0000000

..Set QMEM base to 0xC0000000


Start msAPI_MIU_Get_BinInfo()

Start msAPI_MIU_Get_BinInfo() success!

osdcp_text_addr=11f400

[OSDcp_LoadJPEGIcon_init] osdcp_bmp_addr = 127000
[MApp_Init] exit
[KEY_DEVICECHANGE !!]
[KEY_DEVICECHANGE !!]

[Note] i = 0, gu16ActStg = 0, gu16StgFlag = 0
[KEY_DEVICECHANGE !!]
[KEY_DEVICECHANGE !!]

[Note] i = 1, gu16ActStg = 0, gu16StgFlag = 0
[KEY_DEVICECHANGE !!]
[KEY_DEVICECHANGE !!]

[Note] i = 2, gu16ActStg = 0, gu16StgFlag = 0
[KEY_DEVICECHANGE !!]
[KEY_DEVICECHANGE !!]

[Note] i = 3, gu16ActStg = 0, gu16StgFlag = 0
[KEY_DEVICECHANGE !!]
[KEY_DEVICECHANGE !!]

[Note] i = 4, gu16ActStg = 0, gu16StgFlag = 0
[KEY_DEVICECHANGE !!]
[KEY_DEVICECHANGE !!]

[Note] i = 5, gu16ActStg = 0, gu16StgFlag = 0
[KEY_DEVICECHANGE !!]
[KEY_DEVICECHANGE !!]

[Note] i = 6, gu16ActStg = 0, gu16StgFlag = 0
[KEY_DEVICECHANGE !!]
[KEY_DEVICECHANGE !!]

[Note] i = 7, gu16ActStg = 0, gu16StgFlag = 0
[KEY_DEVICECHANGE !!]
[KEY_DEVICECHANGE !!]

[Note] i = 8, gu16ActStg = 0, gu16StgFlag = 0
[KEY_DEVICECHANGE !!]
[KEY_DEVICECHANGE !!]

[Note] i = 9, gu16ActStg = 0, gu16StgFlag = 0
[KEY_DEVICECHANGE !!]
[KEY_DEVICECHANGE !!]

[Note] i = 10, gu16ActStg = 0, gu16StgFlag = 0
[KEY_DEVICECHANGE !!]
[KEY_DEVICECHANGE !!]

[Note] i = 11, gu16ActStg = 0, gu16StgFlag = 0
[KEY_DEVICECHANGE !!]
[KEY_DEVICECHANGE !!]

[Note] i = 12, gu16ActStg = 0, gu16StgFlag = 0
[KEY_DEVICECHANGE !!]
[KEY_DEVICECHANGE !!]

[Note] i = 13, gu16ActStg = 0, gu16StgFlag = 0
[KEY_DEVICECHANGE !!]
[KEY_DEVICECHANGE !!]

[Note] i = 14, gu16ActStg = 0, gu16StgFlag = 0
[KEY_DEVICECHANGE !!]
[KEY_DEVICECHANGE !!]

[Note] i = 15, gu16ActStg = 0, gu16StgFlag = 0
[KEY_DEVICECHANGE !!]
[KEY_DEVICECHANGE !!]

[Note] i = 16, gu16ActStg = 0, gu16StgFlag = 0
[KEY_DEVICECHANGE !!]
[KEY_DEVICECHANGE !!]

[Note] i = 17, gu16ActStg = 0, gu16StgFlag = 0
[KEY_DEVICECHANGE !!]
[KEY_DEVICECHANGE !!]

[Note] i = 18, gu16ActStg = 0, gu16StgFlag = 0
[KEY_DEVICECHANGE !!]
[KEY_DEVICECHANGE !!]

[Note] i = 19, gu16ActStg = 0, gu16StgFlag = 0

[SS] imageaddr = 2588b8, width = 112, height = 64
gHD_PARSE_STATUS==0
gHD_PARSE_STATUS==0
gHD_PARSE_STATUS==0
gHD_PARSE_STATUS==0
gHD_PARSE_STATUS==0
gHD_PARSE_STATUS==0